<?xml version="1.0" encoding="UTF-8"?>
<testsuite xmlns:xsi="http://www.w3.org/2001/XMLSchema-instance" xsi:noNamespaceSchemaLocation="https://maven.apache.org/surefire/maven-surefire-plugin/xsd/surefire-test-report-3.0.xsd" version="3.0" name="com.icesi.sokoban.structure.FloydWarshallTest" time="0.009" tests="6" errors="0" skipped="0" failures="0">
  <properties>
[...]
</properties>
  <testcase name="reconstruirCamino_sinEjecutarFloyd_lanzaExcepcion" classname="com.icesi.sokoban.structure.FloydWarshallTest" time="0.001"/>
  <testcase name="floydWarshall_pesosNegativosSinCiclo_funcionaCorrecto" classname="com.icesi.sokoban.structure.FloydWarshallTest" time="0.001"/>
  <testcase name="floydWarshall_calculaTodosLosPares_distanciasCorrectas" classname="com.icesi.sokoban.structure.FloydWarshallTest" time="0.001"/>
  <testcase name="floydWarshall_reconstruirCamino_devuelveRutaMasCorta" classname="com.icesi.sokoban.structure.FloydWarshallTest" time="0.001"/>
  <testcase name="floydWarshall_sinCamino_reconstruccionVacia" classname="com.icesi.sokoban.structure.FloydWarshallTest" time="0.001"/>
  <testcase name="floydWarshall_diagonal_esCero" classname="com.icesi.sokoban.structure.FloydWarshallTest" time="0.0"/>
</testsuite>